<?xml version="1.0" encoding="UTF-8"?>
<!-- Generated by org.testng.reporters.JUnitReportReporter -->
<testsuite hostname="LAPTOP-8CTTEP62" failures="0" tests="1" name="test1.LoginTest" time="5.041" errors="0" timestamp="2022-09-08T00:07:07 CDT" skipped="0">
  <testcase classname="test1.LoginTest" name="validUserShouldBeAbleToLogin" time="5.041"/>
  <system-out/>
</testsuite> <!-- test1.LoginTest -->
